<?xml version="1.0" encoding="UTF-8"?>
<!-- Generated by org.testng.reporters.JUnitReportReporter -->
<testsuite hostname="LAPTOP-08C2RJ5U" failures="0" tests="1" name="com.pos.testcases.DeleteVendor" time="117.288" errors="0" timestamp="2023-09-30T05:49:16 BST" skipped="0">
  <testcase classname="com.pos.testcases.DeleteVendor" name="runLogin" time="117.288"/>
  <system-out/>
</testsuite> <!-- com.pos.testcases.DeleteVendor -->
