<?xml version="1.0" encoding="UTF-8"?>
<!-- Generated by org.testng.reporters.JUnitReportReporter -->
<testsuite hostname="LAPTOP-08C2RJ5U" failures="0" tests="1" name="com.pos.testcases.DeleteCustomer" time="36.235" errors="0" timestamp="2023-09-30T05:49:16 BST" skipped="0">
  <testcase classname="com.pos.testcases.DeleteCustomer" name="runLogin" time="36.235"/>
  <system-out/>
</testsuite> <!-- com.pos.testcases.DeleteCustomer -->
