<?xml version="1.0" encoding="UTF-8"?>
<!-- Generated by org.testng.reporters.JUnitReportReporter -->
<testsuite hostname="LAPTOP-08C2RJ5U" failures="0" tests="1" name="com.pos.testcases.CreateNewVendor" time="29.042" errors="0" timestamp="2023-09-30T06:16:56 BST" skipped="0">
  <testcase classname="com.pos.testcases.CreateNewVendor" name="runLogin" time="29.042"/>
  <system-out/>
</testsuite> <!-- com.pos.testcases.CreateNewVendor -->
